Removed Pin From Net: NetName=AGND Pin=C9-2
Removed Pin From Net: NetName=AGND Pin=C10-2
Removed Pin From Net: NetName=VIDEO_IN1 Pin=R7-1
Removed Pin From Net: NetName=AGND Pin=R8-1
Removed Pin From Net: NetName=AGND Pin=R9-2
Removed Pin From Net: NetName=VIDEO_IN2 Pin=R12-1
Removed Pin From Net: NetName=AGND Pin=R13-1
Removed Pin From Net: NetName=AGND Pin=R14-2
Removed Pin From Net: NetName=AGND Pin=U4-4
Removed Pin From Net: NetName=V+5A Pin=U4-8
Removed Member From Class: ClassName=12ziban Member=C9
Removed Member From Class: ClassName=12ziban Member=C10
Removed Member From Class: ClassName=12ziban Member=R7
Removed Member From Class: ClassName=12ziban Member=R8
Removed Member From Class: ClassName=12ziban Member=R9
Removed Member From Class: ClassName=12ziban Member=R10
Removed Member From Class: ClassName=12ziban Member=R11
Removed Member From Class: ClassName=12ziban Member=R12
Removed Member From Class: ClassName=12ziban Member=R13
Removed Member From Class: ClassName=12ziban Member=R14
Removed Member From Class: ClassName=12ziban Member=R15
Removed Member From Class: ClassName=12ziban Member=R16
Removed Member From Class: ClassName=12ziban Member=U4
Added Pin To Net: NetName=VIDEO_IN1 Pin=Ub1-67
Added Pin To Net: NetName=VIDEO_IN2 Pin=Ub1-68
