Change Component Designator: OldDesignator=JP3 NewDesignator=J3
Added Component: Designator=C29(CR6332-2512)
Added Component: Designator=C30(CR2012-0805)
Added Component: Designator=C31(C3216-1206-TA-YX1)
Added Component: Designator=C32(CR2012-0805)
Added Component: Designator=J9(HDR1X2)
Added Pin To Net: NetName=V+5D Pin=C29-1
Added Pin To Net: NetName=DGND Pin=C29-2
Added Pin To Net: NetName=DGND Pin=C30-1
Added Pin To Net: NetName=V+5D Pin=C30-2
Added Pin To Net: NetName=V+5A Pin=C31-1
Added Pin To Net: NetName=AGND Pin=C31-2
Added Pin To Net: NetName=AGND Pin=C32-1
Added Pin To Net: NetName=V+5A Pin=C32-2
Added Pin To Net: NetName=DGND Pin=J9-1
Added Pin To Net: NetName=V+5D Pin=J9-2
Added Member To Class: ClassName=12ziban Member=Component C29 Cap Pol2
Added Member To Class: ClassName=12ziban Member=Component C30 Cap
Added Member To Class: ClassName=12ziban Member=Component C31 Cap Pol2
Added Member To Class: ClassName=12ziban Member=Component C32 Cap
Added Member To Class: ClassName=12ziban Member=Component J9 Header 2
