Removed Pin From Net: NetName=EXTAL Pin=Rb1-1
Removed Pin From Net: NetName=XTAL Pin=Rb2-1
Removed Pin From Net: NetName=RST Pin=Rb3-1
Removed Pin From Net: NetName=V+5D Pin=Rb3-2
Removed Pin From Net: NetName=XFC Pin=Rb4-1
Removed Pin From Net: NetName=DGND Pin=Rb5-1
Removed Pin From Net: NetName=DGND Pin=Rb6-1
Removed Pin From Net: NetName=DGND Pin=Rb7-1
Removed Pin From Net: NetName=V+5D Pin=Rb9-1
Removed Pin From Net: NetName=V+5D Pin=Rb10-1
Removed Pin From Net: NetName=BKGD Pin=Rb10-2
Removed Pin From Net: NetName=V+5D Pin=Rb11-1
Removed Pin From Net: NetName=NetDSb1_1 Pin=Rb21-1
Removed Pin From Net: NetName=PB7 Pin=Rb21-2
Removed Pin From Net: NetName=NetDSb2_1 Pin=Rb22-1
Removed Pin From Net: NetName=PB6 Pin=Rb22-2
Removed Member From Class: ClassName=12ziban Member=Rb1
Removed Member From Class: ClassName=12ziban Member=Rb1
Removed Member From Class: ClassName=12ziban Member=Rb2
Removed Member From Class: ClassName=12ziban Member=Rb2
Removed Member From Class: ClassName=12ziban Member=Rb3
Removed Member From Class: ClassName=12ziban Member=Rb3
Removed Member From Class: ClassName=12ziban Member=Rb4
Removed Member From Class: ClassName=12ziban Member=Rb4
Removed Member From Class: ClassName=12ziban Member=Rb5
Removed Member From Class: ClassName=12ziban Member=Rb5
Removed Member From Class: ClassName=12ziban Member=Rb6
Removed Member From Class: ClassName=12ziban Member=Rb6
Removed Member From Class: ClassName=12ziban Member=Rb7
Removed Member From Class: ClassName=12ziban Member=Rb7
Removed Member From Class: ClassName=12ziban Member=Rb9
Removed Member From Class: ClassName=12ziban Member=Rb9
Removed Member From Class: ClassName=12ziban Member=Rb10
Removed Member From Class: ClassName=12ziban Member=Rb10
Removed Member From Class: ClassName=12ziban Member=Rb11
Removed Member From Class: ClassName=12ziban Member=Rb11
Removed Member From Class: ClassName=12ziban Member=Rb21
Removed Member From Class: ClassName=12ziban Member=Rb21
Removed Member From Class: ClassName=12ziban Member=Rb22
Removed Member From Class: ClassName=12ziban Member=Rb22
Change Component Footprint: Designator=Rb20 Old Footprint=0805 New Footprint=CR2012-0805
Change Component Footprint: Designator=Rb18 Old Footprint=0805 New Footprint=CR2012-0805
Change Component Footprint: Designator=Rb17 Old Footprint=0805 New Footprint=CR2012-0805
Change Component Footprint: Designator=Rb8 Old Footprint=0805 New Footprint=CR2012-0805
Change Component Footprint: Designator=DSb2 Old Footprint=0805 New Footprint=CR2012-0805
Change Component Footprint: Designator=DSb1 Old Footprint=0805 New Footprint=CR2012-0805
Change Component Footprint: Designator=Cb5 Old Footprint=0805 New Footprint=CR2012-0805
Change Component Footprint: Designator=Cb4 Old Footprint=0805 New Footprint=CR2012-0805
Change Component Footprint: Designator=Cb3 Old Footprint=0805 New Footprint=CR2012-0805
Change Component Footprint: Designator=Cb2 Old Footprint=0805 New Footprint=CR2012-0805
Change Component Footprint: Designator=Cb1 Old Footprint=0805 New Footprint=CR2012-0805
Change Component Footprint: Designator=Cb7 Old Footprint=0805 New Footprint=CR2012-0805
Change Component Footprint: Designator=Cb6 Old Footprint=0805 New Footprint=CR2012-0805
Change Component Footprint: Designator=Cb13 Old Footprint=0805 New Footprint=CR2012-0805
Change Component Footprint: Designator=Cb14 Old Footprint=0805 New Footprint=CR2012-0805
Change Component Footprint: Designator=Cb15 Old Footprint=0805 New Footprint=CR2012-0805
Change Component Designator: OldDesignator=Cb1 NewDesignator=C20
Change Component Designator: OldDesignator=Cb2 NewDesignator=C21
Change Component Designator: OldDesignator=Cb3 NewDesignator=C22
Change Component Designator: OldDesignator=Cb4 NewDesignator=C24
Change Component Designator: OldDesignator=Cb5 NewDesignator=C25
Change Component Designator: OldDesignator=Cb6 NewDesignator=C18
Change Component Designator: OldDesignator=Cb7 NewDesignator=C19
Change Component Designator: OldDesignator=Cb13 NewDesignator=C17
Change Component Designator: OldDesignator=Cb14 NewDesignator=C16
Change Component Designator: OldDesignator=Cb15 NewDesignator=C15
Change Component Designator: OldDesignator=Rb8 NewDesignator=R23
Added Component: Designator=C23(CR2012-0805)
Added Component: Designator=R20(CR2012-0805)
Added Component: Designator=R21(CR2012-0805)
Added Component: Designator=R22(CR2012-0805)
Added Component: Designator=R24(CR2012-0805)
Added Component: Designator=R25(CR2012-0805)
Added Component: Designator=R26(CR2012-0805)
Added Component: Designator=R27(CR2012-0805)
Added Component: Designator=R28(CR2012-0805)
Added Component: Designator=R30(CR2012-0805)
Added Component: Designator=R31(CR2012-0805)
Added Component: Designator=R32(CR2012-0805)
Added Pin To Net: NetName=VDDPLL Pin=C23-1
Added Pin To Net: NetName=DGND Pin=C23-2
Added Pin To Net: NetName=V+5D Pin=R20-1
Added Pin To Net: NetName=V+5D Pin=R21-1
Added Pin To Net: NetName=BKGD Pin=R21-2
Added Pin To Net: NetName=V+5D Pin=R22-1
Added Pin To Net: NetName=DGND Pin=R24-1
Added Pin To Net: NetName=DGND Pin=R25-1
Added Pin To Net: NetName=DGND Pin=R26-1
Added Pin To Net: NetName=EXTAL Pin=R27-2
Added Pin To Net: NetName=XTAL Pin=R28-2
Added Pin To Net: NetName=XFC Pin=R30-1
Added Pin To Net: NetName=NetDSb1_1 Pin=R31-1
Added Pin To Net: NetName=PB7 Pin=R31-2
Added Pin To Net: NetName=NetDSb2_1 Pin=R32-1
Added Pin To Net: NetName=PB6 Pin=R32-2
Change Net Name : Old Net Name=NetCb6_2 New Net Name=NetC18_2
Change Net Name : Old Net Name=NetCb7_2 New Net Name=NetC19_2
Change Net Name : Old Net Name=NetRb8_2 New Net Name=NetR23_2
Added Pin To Net: NetName=NetC21_1 Pin=C21-1
Added Pin To Net: NetName=NetC21_1 Pin=R27-1
Added Pin To Net: NetName=NetC21_1 Pin=R28-1
Added Pin To Net: NetName=NetC21_1 Pin=Yb1-2
Added Net: Name=NetC21_1
Added Pin To Net: NetName=NetC25_2 Pin=C25-2
Added Pin To Net: NetName=NetC25_2 Pin=R30-2
Added Net: Name=NetC25_2
Added Pin To Net: NetName=NetR20_2 Pin=R20-2
Added Pin To Net: NetName=NetR20_2 Pin=Ub1-97
Added Net: Name=NetR20_2
Added Pin To Net: NetName=NetR22_2 Pin=R22-2
Added Pin To Net: NetName=NetR22_2 Pin=Ub1-56
Added Net: Name=NetR22_2
Added Pin To Net: NetName=NetR24_2 Pin=R24-2
Added Pin To Net: NetName=NetR24_2 Pin=Ub1-38
Added Net: Name=NetR24_2
Added Pin To Net: NetName=NetR25_2 Pin=R25-2
Added Pin To Net: NetName=NetR25_2 Pin=Ub1-37
Added Net: Name=NetR25_2
Added Pin To Net: NetName=NetR26_2 Pin=R26-2
Added Pin To Net: NetName=NetR26_2 Pin=Ub1-36
Added Net: Name=NetR26_2
Added Member To Class: ClassName=12ziban Member=Component C23 Cap
Added Member To Class: ClassName=12ziban Member=Component R20 3.3k
Added Member To Class: ClassName=12ziban Member=Component R21 3.3k
Added Member To Class: ClassName=12ziban Member=Component R22 3.3k
Added Member To Class: ClassName=12ziban Member=Component R24 3.3k
Added Member To Class: ClassName=12ziban Member=Component R25 3.3k
Added Member To Class: ClassName=12ziban Member=Component R26 3.3k
Added Member To Class: ClassName=12ziban Member=Component R27 10M
Added Member To Class: ClassName=12ziban Member=Component R28 330K
Added Member To Class: ClassName=12ziban Member=Component R30 3.3k
Added Member To Class: ClassName=12ziban Member=Component R31 3.3k
Added Member To Class: ClassName=12ziban Member=Component R32 3.3k
