Added Component: Designator=Cd1(CR2012-0805)
Added Component: Designator=Cd2(CR2012-0805)
Added Component: Designator=Cd3(CR2012-0805)
Added Component: Designator=Cd4(CR2012-0805)
Added Component: Designator=Cd5(CR2012-0805)
Added Component: Designator=Cd6(CR2012-0805)
Added Component: Designator=Cd7(CR2012-0805)
Added Component: Designator=Cd8(CAPPR1.27-1.7x2.8)
Added Component: Designator=Cd9(CR2012-0805)
Added Component: Designator=Dd1(DSO-C2/X3.3)
Added Component: Designator=Dd2(DSO-C2/X3.3)
Added Component: Designator=JP?(HDR1X4)
Added Component: Designator=JPd1(HDR1X3)
Added Component: Designator=JPd2(HDR1X2)
Added Component: Designator=JPd3(HDR1X2)
Added Component: Designator=Qd1(SFM-T3/A4.7V)
Added Component: Designator=Qd2(SFM-T3/A4.7V)
Added Component: Designator=Qd3(SFM-T3/A4.7V)
Added Component: Designator=Qd4(SFM-T3/A4.7V)
Added Component: Designator=Rd1(CR2012-0805)
Added Component: Designator=Rd2(CR2012-0805)
Added Component: Designator=Rd3(CR2012-0805)
Added Component: Designator=Rd4(CR2012-0805)
Added Component: Designator=Rd5(CR2012-0805)
Added Component: Designator=Rd6(CR2012-0805)
Added Component: Designator=Rd7(CR2012-0805)
Added Component: Designator=Rd8(CR2012-0805)
Added Component: Designator=Rd11(CR2012-0805)
Added Component: Designator=Rd12(CR2012-0805)
Added Component: Designator=Rd13(CR2012-0805)
Added Component: Designator=Rd14(CR2012-0805)
Added Component: Designator=Rd15(CR2012-0805)
Added Component: Designator=Rd16(CR2012-0805)
Added Component: Designator=Rd17(CR3225-1210)
Added Component: Designator=Rd18(CR3225-1210)
Added Component: Designator=Ud1(sop16)
Added Component: Designator=Ud2(SO8)
Added Pin To Net: NetName=AHO Pin=Qd2-1
Added Pin To Net: NetName=AHO Pin=Rd4-2
Added Pin To Net: NetName=AHO Pin=Rd7-1
Added Net: Name=AHO
Added Pin To Net: NetName=AHS Pin=Cd4-2
Added Pin To Net: NetName=AHS Pin=Cd5-2
Added Pin To Net: NetName=AHS Pin=JPd1-2
Added Pin To Net: NetName=AHS Pin=JPd1-3
Added Pin To Net: NetName=AHS Pin=Qd2-3
Added Pin To Net: NetName=AHS Pin=Qd4-2
Added Pin To Net: NetName=AHS Pin=Rd7-2
Added Pin To Net: NetName=AHS Pin=Rd18-1
Added Pin To Net: NetName=AHS Pin=Ud1-11
Added Net: Name=AHS
Added Pin To Net: NetName=ALO Pin=Qd4-1
Added Pin To Net: NetName=ALO Pin=Rd3-2
Added Pin To Net: NetName=ALO Pin=Rd8-1
Added Net: Name=ALO
Added Pin To Net: NetName=BHO Pin=Qd1-1
Added Pin To Net: NetName=BHO Pin=Rd1-2
Added Pin To Net: NetName=BHO Pin=Rd5-1
Added Net: Name=BHO
Added Pin To Net: NetName=BHS Pin=Cd1-2
Added Pin To Net: NetName=BHS Pin=Cd2-2
Added Pin To Net: NetName=BHS Pin=JPd2-2
Added Pin To Net: NetName=BHS Pin=Qd1-3
Added Pin To Net: NetName=BHS Pin=Qd3-2
Added Pin To Net: NetName=BHS Pin=Rd5-2
Added Pin To Net: NetName=BHS Pin=Rd17-1
Added Pin To Net: NetName=BHS Pin=Ud1-15
Added Net: Name=BHS
Added Pin To Net: NetName=BLO Pin=Qd3-1
Added Pin To Net: NetName=BLO Pin=Rd2-2
Added Pin To Net: NetName=BLO Pin=Rd6-1
Added Net: Name=BLO
Added Pin To Net: NetName=CMP Pin=Cd6-2
Added Pin To Net: NetName=CMP Pin=Rd13-1
Added Pin To Net: NetName=CMP Pin=Rd14-2
Added Pin To Net: NetName=CMP Pin=Ud2-3
Added Pin To Net: NetName=CMP Pin=Ud2-6
Added Net: Name=CMP
Added Pin To Net: NetName=DGND Pin=Cd7-1
Added Pin To Net: NetName=DGND Pin=Ud1-6
Added Net: Name=DGND
Added Pin To Net: NetName=MOTOR- Pin=JPd1-1
Added Pin To Net: NetName=MOTOR- Pin=JPd2-1
Added Net: Name=MOTOR-
Added Pin To Net: NetName=MOTOR_CTL+ Pin=Rd15-1
Added Pin To Net: NetName=MOTOR_CTL+ Pin=Ud1-4
Added Pin To Net: NetName=MOTOR_CTL+ Pin=Ud2-1
Added Net: Name=MOTOR_CTL+
Added Pin To Net: NetName=MOTOR_CTL- Pin=Rd16-1
Added Pin To Net: NetName=MOTOR_CTL- Pin=Ud1-3
Added Pin To Net: NetName=MOTOR_CTL- Pin=Ud2-7
Added Net: Name=MOTOR_CTL-
Added Pin To Net: NetName=MOTOR_CTL Pin=JP?-2
Added Pin To Net: NetName=MOTOR_CTL Pin=Ud2-2
Added Pin To Net: NetName=MOTOR_CTL Pin=Ud2-5
Added Net: Name=MOTOR_CTL
Added Pin To Net: NetName=NetCd1_1 Pin=Cd1-1
Added Pin To Net: NetName=NetCd1_1 Pin=Cd2-1
Added Pin To Net: NetName=NetCd1_1 Pin=Dd1-2
Added Pin To Net: NetName=NetCd1_1 Pin=Ud1-1
Added Net: Name=NetCd1_1
Added Pin To Net: NetName=NetCd4_1 Pin=Cd4-1
Added Pin To Net: NetName=NetCd4_1 Pin=Cd5-1
Added Pin To Net: NetName=NetCd4_1 Pin=Dd2-2
Added Pin To Net: NetName=NetCd4_1 Pin=Ud1-9
Added Net: Name=NetCd4_1
Added Pin To Net: NetName=NetRd1_1 Pin=Rd1-1
Added Pin To Net: NetName=NetRd1_1 Pin=Ud1-16
Added Net: Name=NetRd1_1
Added Pin To Net: NetName=NetRd2_1 Pin=Rd2-1
Added Pin To Net: NetName=NetRd2_1 Pin=Ud1-14
Added Net: Name=NetRd2_1
Added Pin To Net: NetName=NetRd3_1 Pin=Rd3-1
Added Pin To Net: NetName=NetRd3_1 Pin=Ud1-13
Added Net: Name=NetRd3_1
Added Pin To Net: NetName=NetRd4_1 Pin=Rd4-1
Added Pin To Net: NetName=NetRd4_1 Pin=Ud1-10
Added Net: Name=NetRd4_1
Added Pin To Net: NetName=NetRd11_2 Pin=Rd11-2
Added Pin To Net: NetName=NetRd11_2 Pin=Ud1-5
Added Net: Name=NetRd11_2
Added Pin To Net: NetName=NetRd12_2 Pin=Rd12-2
Added Pin To Net: NetName=NetRd12_2 Pin=Ud1-8
Added Net: Name=NetRd12_2
Added Pin To Net: NetName=PGND Pin=Cd3-2
Added Pin To Net: NetName=PGND Pin=Cd6-1
Added Pin To Net: NetName=PGND Pin=Cd8-2
Added Pin To Net: NetName=PGND Pin=Cd9-1
Added Pin To Net: NetName=PGND Pin=JP?-1
Added Pin To Net: NetName=PGND Pin=JP?-3
Added Pin To Net: NetName=PGND Pin=JPd3-1
Added Pin To Net: NetName=PGND Pin=Qd3-3
Added Pin To Net: NetName=PGND Pin=Qd4-3
Added Pin To Net: NetName=PGND Pin=Rd6-2
Added Pin To Net: NetName=PGND Pin=Rd8-2
Added Pin To Net: NetName=PGND Pin=Rd11-1
Added Pin To Net: NetName=PGND Pin=Rd12-1
Added Pin To Net: NetName=PGND Pin=Rd14-1
Added Pin To Net: NetName=PGND Pin=Rd17-2
Added Pin To Net: NetName=PGND Pin=Rd18-2
Added Pin To Net: NetName=PGND Pin=Ud2-4
Added Net: Name=PGND
Added Pin To Net: NetName=V+12 Pin=Cd3-1
Added Pin To Net: NetName=V+12 Pin=Cd7-2
Added Pin To Net: NetName=V+12 Pin=Dd1-1
Added Pin To Net: NetName=V+12 Pin=Dd2-1
Added Pin To Net: NetName=V+12 Pin=JP?-4
Added Pin To Net: NetName=V+12 Pin=Rd13-2
Added Pin To Net: NetName=V+12 Pin=Rd15-2
Added Pin To Net: NetName=V+12 Pin=Rd16-2
Added Pin To Net: NetName=V+12 Pin=Ud1-2
Added Pin To Net: NetName=V+12 Pin=Ud1-7
Added Pin To Net: NetName=V+12 Pin=Ud1-12
Added Pin To Net: NetName=V+12 Pin=Ud2-8
Added Net: Name=V+12
Added Pin To Net: NetName=VBAT Pin=Cd8-1
Added Pin To Net: NetName=VBAT Pin=Cd9-2
Added Pin To Net: NetName=VBAT Pin=JPd3-2
Added Pin To Net: NetName=VBAT Pin=Qd1-2
Added Pin To Net: NetName=VBAT Pin=Qd2-2
Added Net: Name=VBAT
Added Class: Name=电机驱动
Added Room: Name=电机驱动
