Removed Pin From Net: NetName=V+5D Pin=La5-1
Removed Pin From Net: NetName=PGND Pin=La6-1
Removed Member From Class: ClassName=电源板 Member=La5
Removed Member From Class: ClassName=电源板 Member=La6
Removed Member From Class: ClassName=电源板 Member=La7
Change Component Designator: OldDesignator=JP5 NewDesignator=JP2
Change Component Designator: OldDesignator=JPa4 NewDesignator=JP1
Added Component: Designator=JP3(HDR2X5)
Added Component: Designator=JP4(HDR2X5)
Added Component: Designator=JP5(HDR2X2)
Added Component: Designator=JP6(HDR2X2)
Added Pin To Net: NetName=PGND Pin=Ca18-2
Added Pin To Net: NetName=PGND Pin=Ca19-2
Added Pin To Net: NetName=PGND Pin=Ca20-2
Added Pin To Net: NetName=PGND Pin=JP3-1
Added Pin To Net: NetName=PGND Pin=JP3-2
Added Pin To Net: NetName=V+6P Pin=JP3-3
Added Pin To Net: NetName=V+6P Pin=JP3-4
Added Pin To Net: NetName=PGND Pin=JP3-9
Added Pin To Net: NetName=PGND Pin=JP3-10
Added Pin To Net: NetName=PGND Pin=JP4-1
Added Pin To Net: NetName=V+5D Pin=JP4-2
Added Pin To Net: NetName=PGND Pin=JP4-3
Added Pin To Net: NetName=V+5D Pin=JP4-4
Added Pin To Net: NetName=PGND Pin=JP4-5
Added Pin To Net: NetName=V+5D Pin=JP4-6
Added Pin To Net: NetName=PGND Pin=JP4-7
Added Pin To Net: NetName=V+5D Pin=JP4-8
Added Pin To Net: NetName=PGND Pin=JP4-9
Added Pin To Net: NetName=V+5D Pin=JP4-10
Added Pin To Net: NetName=PGND Pin=JP5-1
Added Pin To Net: NetName=V+12 Pin=JP5-2
Added Pin To Net: NetName=PGND Pin=JP5-3
Added Pin To Net: NetName=V+12 Pin=JP5-4
Added Pin To Net: NetName=PGND Pin=JP6-1
Added Pin To Net: NetName=V+8A Pin=JP6-2
Added Pin To Net: NetName=PGND Pin=JP6-3
Added Pin To Net: NetName=V+8A Pin=JP6-4
Added Pin To Net: NetName=PGND Pin=Ua4-2
Added Pin To Net: NetName=PGND Pin=Ua4-2
Added Pin To Net: NetName=SIG1 Pin=JP3-5
Added Pin To Net: NetName=SIG1 Pin=JP3-7
Added Net: Name=SIG1
Added Pin To Net: NetName=SIG2 Pin=JP3-6
Added Pin To Net: NetName=SIG2 Pin=JP3-8
Added Net: Name=SIG2
Added Member To Class: ClassName=电源板 Member=Component JP3 Header 5X2
Added Member To Class: ClassName=电源板 Member=Component JP4 Header 5X2
Added Member To Class: ClassName=电源板 Member=Component JP5 Header 2X2
Added Member To Class: ClassName=电源板 Member=Component JP6 Header 2X2
